[    0.000000] Initializing cgroup subsys cpuset
[    0.000000] Initializing cgroup subsys cpu
[    0.000000] Initializing cgroup subsys cpuacct
[    0.000000] Linux version 4.4.0-71-generic (buildd@lcy01-05) (gcc version 5.4.0 20160609 (Ubuntu 5.4.0-6ubuntu1~16.04.4) ) #92-Ubuntu SMP Fri Mar 24 12:59:01 UTC 2017 (Ubuntu 4.4.0-71.92-generic 4.4.49)
[    0.000000] Command line: BOOT_IMAGE=/boot/vmlinuz-4.4.0-71-generic root=LABEL=cloudimg-rootfs ro console=tty1 console=ttyS0
[    0.000000] KERNEL supported cpus:
[    0.000000]   Intel GenuineIntel
[    0.000000]   AMD AuthenticAMD
[    0.000000]   Centaur CentaurHauls
[    0.000000] x86/fpu: xstate_offset[2]:  576, xstate_sizes[2]:  256
[    0.000000] x86/fpu: Supporting XSAVE feature 0x01: 'x87 floating point registers'
[    0.000000] x86/fpu: Supporting XSAVE feature 0x02: 'SSE registers'
[    0.000000] x86/fpu: Supporting XSAVE feature 0x04: 'AVX registers'
[    0.000000] x86/fpu: Enabled xstate features 0x7, context size is 832 bytes, using 'standard' format.
[    0.000000] x86/fpu: Using 'lazy' FPU context switches.
[    0.000000] e820: BIOS-provided physical RAM map:
[    0.000000] BIOS-e820: [mem 0x0000000000000000-0x000000000009fbff] usable
[    0.000000] BIOS-e820: [mem 0x000000000009fc00-0x000000000009ffff] reserved
[    0.000000] BIOS-e820: [mem 0x00000000000f0000-0x00000000000fffff] reserved
[    0.000000] BIOS-e820: [mem 0x0000000000100000-0x000000003ffeffff] usable
[    0.000000] BIOS-e820: [mem 0x000000003fff0000-0x000000003fffffff] ACPI data
[    0.000000] BIOS-e820: [mem 0x00000000fec00000-0x00000000fec00fff] reserved
[    0.000000] BIOS-e820: [mem 0x00000000fee00000-0x00000000fee00fff] reserved
[    0.000000] BIOS-e820: [mem 0x00000000fffc0000-0x00000000ffffffff] reserved
[    0.000000] NX (Execute Disable) protection: active
[    0.000000] SMBIOS 2.5 present.
[    0.000000] Hypervisor detected: KVM
[    0.000000] e820: last_pfn = 0x3fff0 max_arch_pfn = 0x400000000
[    0.000000] MTRR: Disabled
[    0.000000] x86/PAT: MTRRs disabled, skipping PAT initialization too.
[    0.000000] x86/PAT: Configuration [0-7]: WB  WT  UC- UC  WB  WT  UC- UC  
[    0.000000] CPU MTRRs all blank - virtualized system.
[    0.000000] found SMP MP-table at [mem 0x0009fff0-0x0009ffff] mapped at [ffff88000009fff0]
[    0.000000] Scanning 1 areas for low memory corruption
[    0.000000] RAMDISK: [mem 0x36ae8000-0x3756bfff]
[    0.000000] ACPI: Early table checksum verification disabled
[    0.000000] ACPI: RSDP 0x00000000000E0000 000024 (v02 VBOX  )
[    0.000000] ACPI: XSDT 0x000000003FFF0030 00003C (v01 VBOX   VBOXXSDT 00000001 ASL  00000061)
[    0.000000] ACPI: FACP 0x000000003FFF00F0 0000F4 (v04 VBOX   VBOXFACP 00000001 ASL  00000061)
[    0.000000] ACPI: DSDT 0x000000003FFF0470 0021C8 (v02 VBOX   VBOXBIOS 00000002 INTL 20100528)
[    0.000000] ACPI: FACS 0x000000003FFF0200 000040
[    0.000000] ACPI: FACS 0x000000003FFF0200 000040
[    0.000000] ACPI: APIC 0x000000003FFF0240 00005C (v02 VBOX   VBOXAPIC 00000001 ASL  00000061)
[    0.000000] ACPI: SSDT 0x000000003FFF02A0 0001CC (v01 VBOX   VBOXCPUT 00000002 INTL 20100528)
[    0.000000] No NUMA configuration found
[    0.000000] Faking a node at [mem 0x0000000000000000-0x000000003ffeffff]
[    0.000000] NODE_DATA(0) allocated [mem 0x3ffeb000-0x3ffeffff]
[    0.000000] kvm-clock: Using msrs 4b564d01 and 4b564d00
[    0.000000] kvm-clock: cpu 0, msr 0:3ffe3001, primary cpu clock
[    0.000000] kvm-clock: using sched offset of 3056832141 cycles
[    0.000000] clocksource: kvm-clock: mask: 0xffffffffffffffff max_cycles: 0x1cd42e4dffb, max_idle_ns: 881590591483 ns
[    0.000000] Zone ranges:
[    0.000000]   DMA      [mem 0x0000000000001000-0x0000000000ffffff]
[    0.000000]   DMA32    [mem 0x0000000001000000-0x000000003ffeffff]
[    0.000000]   Normal   empty
[    0.000000]   Device   empty
[    0.000000] Movable zone start for each node
[    0.000000] Early memory node ranges
[    0.000000]   node   0: [mem 0x0000000000001000-0x000000000009efff]
[    0.000000]   node   0: [mem 0x0000000000100000-0x000000003ffeffff]
[    0.000000] Initmem setup node 0 [mem 0x0000000000001000-0x000000003ffeffff]
[    0.000000] ACPI: PM-Timer IO Port: 0x4008
[    0.000000] IOAPIC[0]: apic_id 2, version 32, address 0xfec00000, GSI 0-23
[    0.000000] ACPI: INT_SRC_OVR (bus 0 bus_irq 0 global_irq 2 dfl dfl)
[    0.000000] ACPI: INT_SRC_OVR (bus 0 bus_irq 9 global_irq 9 high level)
[    0.000000] Using ACPI (MADT) for SMP configuration information
[    0.000000] smpboot: Allowing 2 CPUs, 0 hotplug CPUs
[    0.000000] PM: Registered nosave memory: [mem 0x00000000-0x00000fff]
[    0.000000] PM: Registered nosave memory: [mem 0x0009f000-0x0009ffff]
[    0.000000] PM: Registered nosave memory: [mem 0x000a0000-0x000effff]
[    0.000000] PM: Registered nosave memory: [mem 0x000f0000-0x000fffff]
[    0.000000] e820: [mem 0x40000000-0xfebfffff] available for PCI devices
[    0.000000] Booting paravirtualized kernel on KVM
[    0.000000] clocksource: refined-jiffies: mask: 0xffffffff max_cycles: 0xffffffff, max_idle_ns: 7645519600211568 ns
[    0.000000] setup_percpu: NR_CPUS:512 nr_cpumask_bits:512 nr_cpu_ids:2 nr_node_ids:1
[    0.000000] PERCPU: Embedded 33 pages/cpu @ffff88003fc00000 s98264 r8192 d28712 u1048576
[    0.000000] PV qspinlock hash table entries: 256 (order: 0, 4096 bytes)
[    0.000000] Built 1 zonelists in Node order, mobility grouping on.  Total pages: 257913
[    0.000000] Policy zone: DMA32
[    0.000000] Kernel command line: BOOT_IMAGE=/boot/vmlinuz-4.4.0-71-generic root=LABEL=cloudimg-rootfs ro console=tty1 console=ttyS0
[    0.000000] PID hash table entries: 4096 (order: 3, 32768 bytes)
[    0.000000] Memory: 1001812K/1048120K available (8452K kernel code, 1293K rwdata, 3976K rodata, 1484K init, 1316K bss, 46308K reserved, 0K cma-reserved)
[    0.000000] SLUB: HWalign=64, Order=0-3, MinObjects=0, CPUs=2, Nodes=1
[    0.000000] Hierarchical RCU implementation.
[    0.000000] 	Build-time adjustment of leaf fanout to 64.
[    0.000000] 	RCU restricting CPUs from NR_CPUS=512 to nr_cpu_ids=2.
[    0.000000] RCU: Adjusting geometry for rcu_fanout_leaf=64, nr_cpu_ids=2
[    0.000000] NR_IRQS:33024 nr_irqs:440 16
[    0.000000] Console: colour VGA+ 80x25
[    0.000000] console [tty1] enabled
[    0.000000] console [ttyS0] enabled
[    0.000000] tsc: Detected 2699.998 MHz processor
[    2.718548] Calibrating delay loop (skipped) preset value.. 5399.99 BogoMIPS (lpj=10799992)
[    2.753960] pid_max: default: 32768 minimum: 301
[    2.755019] ACPI: Core revision 20150930
[    2.757028] ACPI: 2 ACPI AML tables successfully acquired and loaded
[    2.764063] Security Framework initialized
[    2.765078] Yama: becoming mindful.
[    2.772735] AppArmor: AppArmor initialized
[    2.805497] Dentry cache hash table entries: 131072 (order: 8, 1048576 bytes)
[    2.824268] Inode-cache hash table entries: 65536 (order: 7, 524288 bytes)
[    2.845311] Mount-cache hash table entries: 2048 (order: 2, 16384 bytes)
[    2.888685] Mountpoint-cache hash table entries: 2048 (order: 2, 16384 bytes)
[    2.909622] Initializing cgroup subsys io
[    2.930601] Initializing cgroup subsys memory
[    2.944097] Initializing cgroup subsys devices
[    2.993987] Initializing cgroup subsys freezer
[    3.032736] Initializing cgroup subsys net_cls
[    3.041503] Initializing cgroup subsys perf_event
[    3.051897] Initializing cgroup subsys net_prio
[    3.065163] Initializing cgroup subsys hugetlb
[    3.109121] Initializing cgroup subsys pids
[    3.125932] CPU: Physical Processor ID: 0
[    3.141137] CPU: Processor Core ID: 0
[    3.161714] mce: CPU supports 0 MCE banks
[    3.168535] Last level iTLB entries: 4KB 64, 2MB 8, 4MB 8
[    3.169813] Last level dTLB entries: 4KB 64, 2MB 0, 4MB 0, 1GB 4
[    3.179306] Freeing SMP alternatives memory: 32K (ffffffff820b8000 - ffffffff820c0000)
[    3.211912] ftrace: allocating 32111 entries in 126 pages
[    3.279496] smpboot: APIC(0) Converting physical 0 to logical package 0
[    3.293377] smpboot: Max logical packages: 1
[    3.294630] x2apic enabled
[    3.322831] Switched APIC routing to physical x2apic.
[    3.370227] ..TIMER: vector=0x30 apic1=0 pin1=2 apic2=-1 pin2=-1
[    3.532084] smpboot: CPU0: Intel(R) Core(TM) i5-5257U CPU @ 2.70GHz (family: 0x6, model: 0x3d, stepping: 0x4)
[    3.562620] Performance Events: unsupported p6 CPU model 61 no PMU driver, software events only.
[    3.572724] KVM setup paravirtual spinlock
[    3.591135] x86: Booting SMP configuration:
[    3.620242] .... node  #0, CPUs:      #1
[    3.665382] kvm-clock: cpu 1, msr 0:3ffe3041, secondary cpu clock
[    3.672352] mce: CPU supports 0 MCE banks
[    3.675153] x86: Booted up 1 node, 2 CPUs
[    3.693573] smpboot: Total of 2 processors activated (10799.99 BogoMIPS)
[    3.727716] devtmpfs: initialized
[    3.748446] evm: security.selinux
[    3.765264] evm: security.SMACK64
[    3.801606] evm: security.SMACK64EXEC
[    3.849869] evm: security.SMACK64TRANSMUTE
[    3.887939] evm: security.SMACK64MMAP
[    3.928449] evm: security.ima
[    3.956198] evm: security.capability
[    3.976477] clocksource: jiffies: mask: 0xffffffff max_cycles: 0xffffffff, max_idle_ns: 7645041785100000 ns
[    4.056484] pinctrl core: initialized pinctrl subsystem
[    4.074311] RTC time: 13:16:04, date: 04/07/17
[    4.110400] NET: Registered protocol family 16
[    4.128579] cpuidle: using governor ladder
[    4.185065] cpuidle: using governor menu
[    4.217345] PCCT header not found.
[    4.258231] ACPI: bus type PCI registered
[    4.277933] acpiphp: ACPI Hot Plug PCI Controller Driver version: 0.5
[    4.293796] PCI: Using configuration type 1 for base access
[    4.353737] ACPI: Added _OSI(Module Device)
[    4.393384] ACPI: Added _OSI(Processor Device)
[    4.433610] ACPI: Added _OSI(3.0 _SCP Extensions)
[    4.445653] ACPI: Added _OSI(Processor Aggregator Device)
[    4.482348] ACPI: Executed 1 blocks of module-level executable AML code
[    4.539450] ACPI: Interpreter enabled
[    4.580312] ACPI: (supports S0 S5)
[    4.621370] ACPI: Using IOAPIC for interrupt routing
[    4.668939] PCI: Using host bridge windows from ACPI; if necessary, use "pci=nocrs" and report a bug
[    4.777218] ACPI: PCI Root Bridge [PCI0] (domain 0000 [bus 00-ff])
[    4.790502] acpi PNP0A03:00: _OSC: OS supports [ASPM ClockPM Segments MSI]
[    4.798410] acpi PNP0A03:00: _OSC failed (AE_NOT_FOUND); disabling ASPM
[    4.799850] acpi PNP0A03:00: fail to add MMCONFIG information, can't access extended PCI configuration space under this bridge.
[    4.893421] PCI host bridge to bus 0000:00
[    4.921392] pci_bus 0000:00: root bus resource [io  0x0000-0x0cf7 window]
[    4.988792] pci_bus 0000:00: root bus resource [io  0x0d00-0xffff window]
[    5.009767] pci_bus 0000:00: root bus resource [mem 0x000a0000-0x000bffff window]
[    5.075373] pci_bus 0000:00: root bus resource [mem 0x40000000-0xffdfffff window]
[    5.086844] pci_bus 0000:00: root bus resource [bus 00-ff]
[    5.102226] pci 0000:00:01.1: legacy IDE quirk: reg 0x10: [io  0x01f0-0x01f7]
[    5.154236] pci 0000:00:01.1: legacy IDE quirk: reg 0x14: [io  0x03f6]
[    5.209049] pci 0000:00:01.1: legacy IDE quirk: reg 0x18: [io  0x0170-0x0177]
[    5.240548] pci 0000:00:01.1: legacy IDE quirk: reg 0x1c: [io  0x0376]
[    5.309183] pci 0000:00:07.0: quirk: [io  0x4000-0x403f] claimed by PIIX4 ACPI
[    5.361404] pci 0000:00:07.0: quirk: [io  0x4100-0x410f] claimed by PIIX4 SMB
[    5.401721] ACPI: PCI Interrupt Link [LNKA] (IRQs 5 9 10 *11)
[    5.457119] ACPI: PCI Interrupt Link [LNKB] (IRQs 5 9 10 *11)
[    5.478914] ACPI: PCI Interrupt Link [LNKC] (IRQs 5 9 *10 11)
[    5.525230] ACPI: PCI Interrupt Link [LNKD] (IRQs 5 *9 10 11)
[    5.584891] ACPI: Enabled 2 GPEs in block 00 to 07
[    5.629129] vgaarb: setting as boot device: PCI:0000:00:02.0
[    5.691074] vgaarb: device added: PCI:0000:00:02.0,decodes=io+mem,owns=io+mem,locks=none
[    5.728198] vgaarb: loaded
[    5.760331] vgaarb: bridge control possible 0000:00:02.0
[    5.817068] SCSI subsystem initialized
[    5.840621] ACPI: bus type USB registered
[    5.886220] usbcore: registered new interface driver usbfs
[    5.925996] usbcore: registered new interface driver hub
[    5.958406] usbcore: registered new device driver usb
[    6.024802] PCI: Using ACPI for IRQ routing
[    6.059291] NetLabel: Initializing
[    6.074393] NetLabel:  domain hash size = 128
[    6.110044] NetLabel:  protocols = UNLABELED CIPSOv4
[    6.126720] NetLabel:  unlabeled traffic allowed by default
[    6.173022] amd_nb: Cannot enumerate AMD northbridges
[    6.223520] clocksource: Switched to clocksource kvm-clock
[    6.293686] AppArmor: AppArmor Filesystem Enabled
[    6.367733] pnp: PnP ACPI init
[    6.439137] pnp: PnP ACPI: found 3 devices
[    6.507822] clocksource: acpi_pm: mask: 0xffffff max_cycles: 0xffffff, max_idle_ns: 2085701024 ns
[    6.611776] NET: Registered protocol family 2
[    6.621782] TCP established hash table entries: 8192 (order: 4, 65536 bytes)
[    6.698313] TCP bind hash table entries: 8192 (order: 5, 131072 bytes)
[    6.795766] TCP: Hash tables configured (established 8192 bind 8192)
[    6.912018] UDP hash table entries: 512 (order: 2, 16384 bytes)
[    6.959151] UDP-Lite hash table entries: 512 (order: 2, 16384 bytes)
[    7.018121] NET: Registered protocol family 1
[    7.109523] pci 0000:00:00.0: Limiting direct PCI/PCI transfers
[    7.113106] pci 0000:00:01.0: Activating ISA DMA hang workarounds
[    7.127258] Unpacking initramfs...
[    9.008783] Freeing initrd memory: 10768K (ffff880036ae8000 - ffff88003756c000)
[    9.016282] RAPL PMU detected, API unit is 2^-32 Joules, 4 fixed counters 10737418240 ms ovfl timer
[    9.034836] hw unit of domain pp0-core 2^-0 Joules
[    9.037591] hw unit of domain package 2^-0 Joules
[    9.060226] hw unit of domain dram 2^-0 Joules
[    9.065254] hw unit of domain pp1-gpu 2^-0 Joules
[    9.079639] platform rtc_cmos: registered platform RTC device (no PNP device found)
[    9.107944] Scanning for low memory corruption every 60 seconds
[    9.109779] futex hash table entries: 512 (order: 3, 32768 bytes)
[    9.156451] audit: initializing netlink subsys (disabled)
[    9.158947] audit: type=2000 audit(1491570968.368:1): initialized
[    9.160785] Initialise system trusted keyring
[    9.189081] HugeTLB registered 2 MB page size, pre-allocated 0 pages
[    9.223547] zbud: loaded
[    9.231354] VFS: Disk quotas dquot_6.6.0
[    9.237985] VFS: Dquot-cache hash table entries: 512 (order 0, 4096 bytes)
[    9.255759] squashfs: version 4.0 (2009/01/31) Phillip Lougher
[    9.291968] fuse init (API version 7.23)
[    9.324040] Key type big_key registered
[    9.356636] Allocating IMA MOK and blacklist keyrings.
[    9.448097] Key type asymmetric registered
[    9.495146] Asymmetric key parser 'x509' registered
[    9.550643] Block layer SCSI generic (bsg) driver version 0.4 loaded (major 249)
[    9.626118] io scheduler noop registered
[    9.660268] io scheduler deadline registered (default)
[    9.700382] io scheduler cfq registered
[    9.714516] pci_hotplug: PCI Hot Plug PCI Core version: 0.5
[    9.772178] pciehp: PCI Express Hot Plug Controller Driver version: 0.4
[    9.782566] ACPI: AC Adapter [AC] (on-line)
[    9.832126] input: Power Button as /devices/LNXSYSTM:00/LNXPWRBN:00/input/input0
[    9.841376] ACPI: Power Button [PWRF]
[    9.882976] input: Sleep Button as /devices/LNXSYSTM:00/LNXSLPBN:00/input/input1
[    9.949298] ACPI: Sleep Button [SLPF]
[    9.994759] GHES: HEST is not enabled!
[    9.996008] ACPI: Battery Slot [BAT0] (battery present)
[   10.050845] Serial: 8250/16550 driver, 32 ports, IRQ sharing enabled
[   10.079923] tsc: Refined TSC clocksource calibration: 2700.127 MHz
[   10.079926] clocksource: tsc: mask: 0xffffffffffffffff max_cycles: 0x26ebb66d34d, max_idle_ns: 440795203562 ns
[   10.369332] 00:02: ttyS0 at I/O 0x3f8 (irq = 4, base_baud = 115200) is a 16550A
[   10.444709] Linux agpgart interface v0.103
[   10.470318] loop: module loaded
[   10.487328] scsi host0: ata_piix
[   10.504107] scsi host1: ata_piix
[   10.512926] ata1: PATA max UDMA/33 cmd 0x1f0 ctl 0x3f6 bmdma 0xd000 irq 14
[   10.563698] ata2: PATA max UDMA/33 cmd 0x170 ctl 0x376 bmdma 0xd008 irq 15
[   10.618723] libphy: Fixed MDIO Bus: probed
[   10.695878] tun: Universal TUN/TAP device driver, 1.6
[   10.762611] tun: (C) 1999-2004 Max Krasnyansky <maxk@qualcomm.com>
[   10.830114] PPP generic driver version 2.4.2
[   10.860735] ehci_hcd: USB 2.0 'Enhanced' Host Controller (EHCI) Driver
[   10.890323] ehci-pci: EHCI PCI platform driver
[   10.979721] ehci-platform: EHCI generic platform driver
[   11.059774] ohci_hcd: USB 1.1 'Open' Host Controller (OHCI) Driver
[   11.064961] ohci-pci: OHCI PCI platform driver
[   11.066074] ohci-platform: OHCI generic platform driver
[   11.090969] uhci_hcd: USB Universal Host Controller Interface driver
[   11.151190] i8042: PNP: PS/2 Controller [PNP0303:PS2K,PNP0f03:PS2M] at 0x60,0x64 irq 1,12
[   11.235815] serio: i8042 KBD port at 0x60,0x64 irq 1
[   11.320774] serio: i8042 AUX port at 0x60,0x64 irq 12
[   11.337411] mousedev: PS/2 mouse device common for all mice
[   11.391480] input: AT Translated Set 2 keyboard as /devices/platform/i8042/serio0/input/input2
[   11.396151] rtc_cmos rtc_cmos: rtc core: registered rtc_cmos as rtc0
[   11.396252] rtc_cmos rtc_cmos: alarms up to one day, 114 bytes nvram
[   11.396273] i2c /dev entries driver
[   11.396522] device-mapper: uevent: version 1.0.3
[   11.479327] device-mapper: ioctl: 4.34.0-ioctl (2015-10-28) initialised: dm-devel@redhat.com
[   11.479353] ledtrig-cpu: registered to indicate activity on CPUs
[   11.479734] NET: Registered protocol family 10
[   11.479906] NET: Registered protocol family 17
[   11.479916] Key type dns_resolver registered
[   11.480100] microcode: CPU0 sig=0x306d4, pf=0x40, revision=0x0
[   11.489278] microcode: CPU1 sig=0x306d4, pf=0x40, revision=0x0
[   11.489368] microcode: Microcode Update Driver: v2.01 <tigran@aivazian.fsnet.co.uk>, Peter Oruba
[   11.489500] registered taskstats version 1
[   11.489511] Loading compiled-in X.509 certificates
[   11.490086] Loaded X.509 cert 'Build time autogenerated kernel key: 812d956779f79f89ad448268b75be2bbdc5d2bc7'
[   11.490104] zswap: loaded using pool lzo/zbud
[   11.491561] Key type trusted registered
[   11.494127] Key type encrypted registered
[   11.494134] AppArmor: AppArmor sha1 policy hashing enabled
[   11.494136] ima: No TPM chip found, activating TPM-bypass!
[   11.494159] evm: HMAC attrs: 0x1
[   11.494469]   Magic number: 13:609:280
[   11.494497] tty tty17: hash matches
[   11.564788] rtc_cmos rtc_cmos: setting system clock to 2017-04-07 13:16:11 UTC (1491570971)
[   11.564932] BIOS EDD facility v0.16 2004-Jun-25, 0 devices found
[   11.564932] EDD information not available.
[   12.524371] Freeing unused kernel memory: 1484K (ffffffff81f45000 - ffffffff820b8000)
[   12.567122] Write protecting the kernel read-only data: 14336k
[   12.613202] Freeing unused kernel memory: 1776K (ffff880001844000 - ffff880001a00000)
[   12.753807] Freeing unused kernel memory: 120K (ffff880001de2000 - ffff880001e00000)
Loading, please wait...
starting version 229
[   12.803619] random: systemd-udevd: uninitialized urandom read (16 bytes read, 7 bits of entropy available)
[   12.803897] random: udevadm: uninitialized urandom read (16 bytes read, 7 bits of entropy available)
[   12.803930] random: udevadm: uninitialized urandom read (16 bytes read, 7 bits of entropy available)
[   12.804028] random: udevadm: uninitialized urandom read (16 bytes read, 7 bits of entropy available)
[   12.804065] random: udevadm: uninitialized urandom read (16 bytes read, 7 bits of entropy available)
[   12.804101] random: udevadm: uninitialized urandom read (16 bytes read, 7 bits of entropy available)
[   12.804135] random: udevadm: uninitialized urandom read (16 bytes read, 7 bits of entropy available)
[   12.804166] random: udevadm: uninitialized urandom read (16 bytes read, 7 bits of entropy available)
[   12.804198] random: udevadm: uninitialized urandom read (16 bytes read, 7 bits of entropy available)
[   12.804229] random: udevadm: uninitialized urandom read (16 bytes read, 7 bits of entropy available)
[   12.971283] Fusion MPT base driver 3.04.20
[   12.973220] Copyright (c) 1999-2008 LSI Corporation
[   12.979437] e1000: Intel(R) PRO/1000 Network Driver - version 7.3.21-k8-NAPI
[   12.983055] e1000: Copyright (c) 1999-2006 Intel Corporation.
[   13.010783] Fusion MPT SPI Host driver 3.04.20
[   13.033011] AVX version of gcm_enc/dec engaged.
[   13.036376] AES CTR mode by8 optimization enabled
[   13.191999] input: ImExPS/2 Generic Explorer Mouse as /devices/platform/i8042/serio1/input/input4
[   13.408527] e1000 0000:00:03.0 eth0: (PCI:33MHz:32-bit) 02:6f:83:38:c1:e5
[   13.454987] e1000 0000:00:03.0 eth0: Intel(R) PRO/1000 Network Connection
[   13.525202] e1000 0000:00:03.0 enp0s3: renamed from eth0
[   13.564754] mptbase: ioc0: Initiating bringup
[   13.708156] ioc0: LSI53C1030 A0: Capabilities={Initiator}
[   13.990653] scsi host2: ioc0: LSI53C1030 A0, FwRev=00000000h, Ports=1, MaxQ=256, IRQ=20
[   14.104829] scsi 2:0:0:0: Direct-Access     VBOX     HARDDISK         1.0  PQ: 0 ANSI: 5
[   14.141027] scsi target2:0:0: Beginning Domain Validation
[   14.196010] scsi target2:0:0: Domain Validation skipping write tests
[   14.232340] scsi target2:0:0: Ending Domain Validation
[   14.277140] scsi target2:0:0: asynchronous
[   14.304466] scsi 2:0:1:0: Direct-Access     VBOX     HARDDISK         1.0  PQ: 0 ANSI: 5
[   14.361986] scsi target2:0:1: Beginning Domain Validation
[   14.429384] scsi target2:0:1: Domain Validation skipping write tests
[   14.536167] scsi target2:0:1: Ending Domain Validation
[   14.580873] scsi target2:0:1: asynchronous
[   14.657109] sd 2:0:0:0: [sda] 20971520 512-byte logical blocks: (10.7 GB/10.0 GiB)
[   14.671817] sd 2:0:0:0: Attached scsi generic sg0 type 0
[   14.672250] sd 2:0:1:0: Attached scsi generic sg1 type 0
[   14.797600] sd 2:0:1:0: [sdb] 20480 512-byte logical blocks: (10.5 MB/10.0 MiB)
[   14.817896] sd 2:0:1:0: [sdb] Write Protect is off
[   14.853084] sd 2:0:0:0: [sda] Write Protect is off
[   14.858253] sd 2:0:1:0: [sdb] Incomplete mode parameter data
[   14.858254] sd 2:0:1:0: [sdb] Assuming drive cache: write through
[   14.922520] sd 2:0:1:0: [sdb] Attached SCSI disk
[   14.954346] sd 2:0:0:0: [sda] Incomplete mode parameter data
[   14.979715] sd 2:0:0:0: [sda] Assuming drive cache: write through
[   15.020130]  sda: sda1
[   15.071718] sd 2:0:0:0: [sda] Attached SCSI disk
[   16.035950] floppy0: no floppy controllers found
Begin: Loading e[   17.441511] md: linear personality registered for level -1
ssential drivers[   17.502942] md: multipath personality registered for level -4
 ... [   17.562219] md: raid0 personality registered for level 0
[   17.577158] md: raid1 personality registered for level 1
[   17.723556] raid6: sse2x1   gen()  9091 MB/s
[   17.827801] raid6: sse2x1   xor()  6878 MB/s
[   17.964363] raid6: sse2x2   gen() 11004 MB/s
[   18.068034] raid6: sse2x2   xor()  7739 MB/s
[   18.191580] raid6: sse2x4   gen() 12594 MB/s
[   18.299566] raid6: sse2x4   xor()  7688 MB/s
[   18.319519] raid6: using algorithm sse2x4 gen() 12594 MB/s
[   18.342928] raid6: .... xor() 7688 MB/s, rmw enabled
[   18.373036] raid6: using ssse3x2 recovery algorithm
[   18.449589] xor: automatically using best checksumming function:
[   18.543766]    avx       : 18409.000 MB/sec
[   18.577734] async_tx: api initialized (async)
[   18.646687] md: raid6 personality registered for level 6
[   18.651549] md: raid5 personality registered for level 5
[   18.671172] md: raid4 personality registered for level 4
[   18.693028] md: raid10 personality registered for level 10
done.
Begin: Running /scripts/init-premount ... done.
Begin: M[   18.718785] Btrfs loaded
ounting root file system ... Begin: Running /scripts/local-top ... done.
Begin: Running /scripts/local-premount ... Scanning for Btrfs filesystems
done.
Warning: fsck not present, so sk[   18.786452] EXT4-fs (sda1): mounted filesystem with ordered data mode. Opts: (null)
ipping root file system
done.
Begin: Running /scripts/local-bottom ... done.
Begin: Running /scripts/init-bottom ... done.
[   18.895542] systemd[1]: systemd 229 running in system mode. (+PAM +AUDIT +SELINUX +IMA +APPARMOR +SMACK +SYSVINIT +UTMP +LIBCRYPTSETUP +GCRYPT +GNUTLS +ACL +XZ -LZ4 +SECCOMP +BLKID +ELFUTILS +KMOD -IDN)
[   19.038368] systemd[1]: Detected virtualization oracle.
[   19.068801] systemd[1]: Detected architecture x86-64.

Welcome to [1mUbuntu 16.04.2 LTS[0m!

[   19.112261] systemd[1]: Set hostname to <ubuntu>.
[   19.139437] systemd[1]: Initializing machine ID from random generator.
[   19.230804] systemd[1]: Installed transient /etc/machine-id file.
[   19.325377] systemd[1]: Listening on Journal Audit Socket.
[[0;32m  OK  [0m] Listening on Journal Audit Socket.
[   19.380298] systemd[1]: Started Forward Password Requests to Wall Directory Watch.
[[0;32m  OK  [0m] Started Forward Password Requests to Wall Directory Watch.
[   19.412682] systemd[1]: Listening on Syslog Socket.
[[0;32m  OK  [0m] Listening on Syslog Socket.
[   19.447929] systemd[1]: Listening on /dev/initctl Compatibility Named Pipe.
[[0;32m  OK  [0m] Listening on /dev/initctl Compatibility Named Pipe.
[   19.576463] systemd[1]: Listening on Journal Socket (/dev/log).
[[0;32m  OK  [0m] Listening on Journal Socket (/dev/log).
[   19.648100] systemd[1]: Listening on Journal Socket.
[[0;32m  OK  [0m] Listening on Journal Socket.
[   19.756338] systemd[1]: Listening on LVM2 metadata daemon socket.
[[0;32m  OK  [0m] Listening on LVM2 metadata daemon socket.
[   19.812053] systemd[1]: Listening on Device-mapper event daemon FIFOs.
[[0;32m  OK  [0m] Listening on Device-mapper event daemon FIFOs.
[   19.932561] systemd[1]: Listening on udev Control Socket.
[[0;32m  OK  [0m] Listening on udev Control Socket.
[   20.012425] systemd[1]: Reached target Encrypted Volumes.
[[0;32m  OK  [0m] Reached target Encrypted Volumes.
[   20.068091] systemd[1]: Listening on udev Kernel Socket.
[[0;32m  OK  [0m] Listening on udev Kernel Socket.
[   20.156041] systemd[1]: Set up automount Arbitrary Executable File Formats File System Automount Point.
[[0;32m  OK  [0m] Set up automount Arbitrary Executab...ats File System Automount Point.
[   20.249071] systemd[1]: Created slice User and Session Slice.
[[0;32m  OK  [0m] Created slice User and Session Slice.
[   20.312021] systemd[1]: Listening on LVM2 poll daemon socket.
[[0;32m  OK  [0m] Listening on LVM2 poll daemon socket.
[   20.371921] systemd[1]: Reached target User and Group Name Lookups.
[[0;32m  OK  [0m] Reached target User and Group Name Lookups.
[   20.440830] systemd[1]: Created slice System Slice.
[[0;32m  OK  [0m] Created slice System Slice.
[   20.499840] systemd[1]: Mounting POSIX Message Queue File System...
[   20.500628] random: nonblocking pool is initialized
         Mounting POSIX Message Queue File System...
[   20.568172] systemd[1]: Starting Nameserver information manager...
         Starting Nameserver information manager...
[   20.672006] systemd[1]: Starting Load Kernel Modules...
         Startin[   20.680170] Loading iSCSI transport class v2.0-870.
g Load Kernel Mo[   20.726364] iscsi: registered transport (tcp)
dules...
[   20.776718] systemd[1]: Starting Journal Service...
         Starting Journal Service...
[   20.791730] systemd[1]: Starting Monitoring of LVM2 mirrors, snapshots etc. using dmeventd or progress polling...
[   20.810058] iscsi: registered transport (iser)
         Starting Monitoring of LVM2 mirrors... dmeventd or progress polling...
[   20.857018] systemd[1]: Reached target Slices.
[[0;32m  OK  [0m] Reached target Slices.
[   20.920143] systemd[1]: Starting Set console keymap...
         Starting Set console keymap...
[   21.072454] systemd[1]: Starting Create list of required static device nodes for the current kernel...
         Starting Create list of required st... nodes for the current kernel...
[   21.251942] systemd[1]: Mounting Huge Pages File System...
         Mounting Huge Pages File System...
[   21.368257] systemd[1]: Starting Remount Root and Kernel File Systems...
[   21.371869] EXT4-fs (sda1): re-mounted. Opts: (null)
         Starting Remount Root and Kernel File Systems...
[   21.508004] systemd[1]: Starting Uncomplicated firewall...
         Starting Uncomplicated firewall...
[   21.555877] systemd[1]: Mounting Debug File System...
         Mounting Debug File System...
[   21.587205] systemd[1]: Created slice system-serial\x2dgetty.slice.
[[0;32m  OK  [0m] Created slice system-serial\x2dgetty.slice.
[   21.653639] systemd[1]: Reached target Swap.
[[0;32m  OK  [0m] Reached target Swap.
[   21.689289] systemd[1]: Mounted Debug File System.
[[0;32m  OK  [0m] Mounted Debug File System.
[   21.789514] systemd[1]: Mounted Huge Pages File System.
[[0;32m  OK  [0m] Mounted Huge Pages File System.
[   21.836598] systemd[1]: Mounted POSIX Message Queue File System.
[[0;32m  OK  [0m] Mounted POSIX Message Queue File System.
[   21.984588] systemd[1]: Started Journal Service.
[[0;32m  OK  [0m] Started Journal Service.
[[0;32m  OK  [0m] Started Load Kernel Modules.
[[0;32m  OK  [0m] Started Set console keymap.
[[0;32m  OK  [0m] Started Create list of required sta...ce nodes for the current kernel.
[[0;32m  OK  [0m] Started Remount Root and Kernel File Systems.
[[0;32m  OK  [0m] Started Uncomplicated firewall.
[[0;32m  OK  [0m] Started Nameserver information manager.
[[0;32m  OK  [0m] Started LVM2 metadata daemon.
         Starting Initial cloud-init job (pre-networking)...
         Starting udev Coldplug all Devices...
         Starting Load/Save Random Seed...
         Starting Create Static Device Nodes in /dev...
         Mounting FUSE Control File System...
         Starting Apply Kernel Variables...
         Starting Flush Journal to Persistent Storage...
[[0;32m  OK  [0m] Mounted FUSE Control File System.
[[0;32m  OK  [0m] Started Load/Save Random Seed.
[[0;32m  OK  [0m] Started Create Static Device Nodes in /dev.
[[0;32m  OK  [0m] Started Monitoring of LVM2 mirrors,...ng dmeventd or progress polling.
[[0;32m  OK  [0m] Started Apply Kernel Variables.
[[0;32m  OK  [0m] Started udev Coldplug all Devices.
[[0;32m  OK  [0m] Started Flush Journal to Persistent Storage.
         Starting udev Kernel Device Manager...
[[0;32m  OK  [0m] Started udev Kernel Device Manager.
[[0;32m  OK  [0m] Reached target Local File Systems (Pre).
[[0;32m  OK  [0m] Reached target Local File Systems.
         Starting Tell Plymouth To Write Out Runtime Data...
         Starting Set console font and keymap...
         Starting Create Volatile Files and Directories...
         Starting Commit a transient machine-id on disk...
         Starting LSB: AppArmor initialization...
[[0;32m  OK  [0m] Started Dispatch Password Requests to Console Directory Watch.
[[0;32m  OK  [0m] Started Tell Plymouth To Write Out Runtime Data.
[[0;32m  OK  [0m] Started Create Volatile Files and Directories.
[[0;32m  OK  [0m] Started Commit a transient machine-id on disk.
         Starting Update UTMP about System Boot/Shutdown...
[[0;32m  OK  [0m] Reached target System Time Synchronized.
[[0;32m  OK  [0m] Started Update UTMP about System Boot/Shutdown.
[[0;32m  OK  [0m] Found device /dev/ttyS0.
[   17.892938] cloud-init[448]: Cloud-init v. 0.7.9 running 'init-local' at Fri, 07 Apr 2017 13:16:23 +0000. Up 17.42 seconds.
[[0;32m  OK  [0m] Started Initial cloud-init job (pre-networking).
[[0;32m  OK  [0m] Reached target Network (Pre).
[[0;32m  OK  [0m] Listening on Load/Save RF Kill Switch Status /dev/rfkill Watch.
[[0;32m  OK  [0m] Started LSB: AppArmor initialization.
         Starting Raise network interfaces...
[[0;32m  OK  [0m] Started Set console font and keymap.
[[0;32m  OK  [0m] Created slice system-getty.slice.
[[0;32m  OK  [0m] Started Raise network interfaces.
         Starting Initial cloud-init job (metadata service crawler)...
[[0;32m  OK  [0m] Reached target Network.
[   21.754489] cloud-init[941]: Cloud-init v. 0.7.9 running 'init' at Fri, 07 Apr 2017 13:16:26 +0000. Up 21.17 seconds.
[   21.773322] cloud-init[941]: ci-info: +++++++++++++++++++++++++++++++++++++Net device info++++++++++++++++++++++++++++++++++++++
[   21.804313] cloud-init[941]: ci-info: +--------+------+----------------------------+---------------+-------+-------------------+
[   21.880526] cloud-init[941]: ci-info: | Device |  Up  |          Address           |      Mask     | Scope |     Hw-Address    |
[   21.953943] cloud-init[941]: ci-info: +--------+------+----------------------------+---------------+-------+-------------------+
[[0;32m  OK  [0m] Started Initial cloud-init job (metadata service crawler).
[[0;32m  OK  [0m] Reached target System Initialization.
[[0;32m  OK  [0m] Listening on ACPID Listen Socket.
[[0;32m  OK  [0m] [   22.027439] cloud-initStarted Trigger resolvconf update for networkd DNS.[941]: 
ci-info: | enp0s3 | True |         10.0.2.15          | 255.255.255.0 |   .   | 02:6f:83:38:c1:e5 |
[   22.136481] [cloud-init[0;32m  OK  [0m[941]: ] ci-info: | enp0s3 | True | fe80::6f:83ff:fe38:c1e5/64 |       .       |  link | 02:6f:83:38:c1:e5 |Started Timer to automatically refresh installed snaps.

[   22.150818] [cloud-init[0;32m  OK  [0m[941]: ] ci-info: |   lo   | True |         127.0.0.1          |   255.0.0.0   |   .   |         .         |Listening on UUID daemon activation socket.

         Starting Socket activation for snappy daemon.
[   22.167184]          Starting LXD - unix socket.
[[0;32m  OK  [0m] Started Daily apt activities.
cloud-init[941]: ci-info: |   lo   | True |          ::1/128           |       .       |  host |         .         |
[   22.220507] [cloud-init[0;32m  OK  [0m[941]: ] ci-info: +--------+------+----------------------------+---------------+-------+-------------------+Started Daily Cleanup of Temporary Directories.

[[0;32m  OK  [0m] Reached target Timers.
[   22.247489] [cloud-init[0;32m  OK  [0m[941]: ] ci-info: +++++++++++++++++++++++++++Route IPv4 info++++++++++++++++++++++++++++Listening on D-Bus System Message Bus Socket.

[   22.320585] [cloud-init[0;32m  OK  [0m[941]: ] ci-info: +-------+-------------+----------+---------------+-----------+-------+Started ACPI Events Check.

[   22.394707] cloud-init[941]: ci-info: | Route | Destination | Gateway  |    Genmask    | Interface | Flags |
[   22.454754] cloud-init[941]: ci-info: +-------+-------------+----------+---------------+-----------+-------+
[   22.465206] cloud-init[941]: ci-info: |   0   |   0.0.0.0   | 10.0.2.2 |    0.0.0.0    |   enp0s3  |   UG  |
[   22.501093] cloud-init[941]: ci-info: |   1   |   10.0.2.0  | 0.0.0.0  | 255.255.255.0 |   enp0s3  |   U   |
[   22.533505] cloud-init[941]: ci-info: +-------+-------------+----------+---------------+-----------+-------+
[   22.541413] cloud-init[941]: Generating public/private rsa key pair.
[   22.564733] cloud-init[941]: Your identification has been saved in /etc/ssh/ssh_host_rsa_key.
[[0;32m  OK  [0m] Reached target Paths.
[[0;32m  OK  [0m] Reached target Cloud-config availability.
[[0;32m  OK  [0m] Reached target Network is Online.
[   22.607785] cloud-init[941]: Your public key has been saved in /etc/ssh/ssh_host_rsa_key.pub.
[   22.800521] cloud-init[941]: The key fingerprint is:
[   22.824402] cloud-init[941]: SHA256:Jz/Lvugco73JKQIlID6Eyk1a9cQwrBiMQtp3hHDFFTY root@ubuntu-xenial
         Starting iSCSI initiator daemon (iscsid)...
[[0;32m  OK  [0m] Listening on Socket activation for snappy daemon.
[   22.852631] cloud-init[941]: The key's randomart image is:
[   22.924930] cloud-init[941]: +---[RSA 2048]----+
[   22.948447] cloud-init[941]: |=...+B=oE.       |
[[0;32m  OK  [0m] Listening on LXD - unix socket.
[   22.987132] cloud-init[941]: |B= +.o=o .       |
[   23.056467] cloud-init[941]: |O.O o ..         |
[   23.056871] cloud-init[941]: |.*.+..           |
[[0;32m  OK  [0m] Started iSCSI initiator daemon (iscsid).
[   23.057053] cloud-init[941]: |  .o    S .      |
         [   23.156172] Starting Login to default iSCSI targets...cloud-init[941]: |  .      +       |

[[   23.156818] cloud-init[941]: |   .    o o      |
[   23.180994] cloud-init[941]: |    . .= B o     |
[0;32m  OK  [0m] Reached target Sockets.
[[   23.181122] cloud-init[941]: |     ..oXo=.     |
[   23.242680] cloud-init[941]: +----[SHA256]-----+
[   23.243763] cloud-init[941]: Generating public/private dsa key pair.
[   23.243929] cloud-init[941]: Your identification has been saved in /etc/ssh/ssh_host_dsa_key.
[0;32m  OK  [0m] Reached target Basic System.
[   23.244356] cloud-init[941]: Your public key has been saved in /etc/ssh/ssh_host_dsa_key.pub.
[   23.372567] cloud-init[941]: The key fingerprint is:
[   23.372960] cloud-init[941]: SHA256:qBsjSrteQWAu5uj30FyQczJW7wTKGsGO8u4+Z8Bfp0U root@ubuntu-xenial
         Starting LSB: MD monitoring daemon...
[   23.373241] cloud-init[941]: The key's randomart image is:
[   23.445743] cloud-init[941]: +---[DSA 1024]----+
[   23.446146] cloud-init[941]: | o..   o         |
[[0;32m  OK  [0m] Started D-Bus System Message Bus.
[   23.446366] cloud-init[941]: |o ..o + o        |
[   23.513024] cloud-init[941]: |.ooo X . o       |
[   23.513588] cloud-init[941]: |*...+ *.E        |
         Starting /etc/rc.local Compatibility...
[   23.513782] cloud-init[941]: |o+ o  .oS.       |
[   23.608569] cloud-init[941]: |. + +.o o        |
         Starting Accounts Service...
[   23.639133] cloud-init[941]: | +.*++ +         |
         Starting LXD - container startup/shutdown...
[   23.691250] cloud-init[941]: |..*.*+.          |
[   23.725671] cloud-init[941]: |o*++..           |
[   23.726351] cloud-init[941]: +----[SHA256]-----+
         Starting Login Service...
[   23.726479] cloud-init[941]: Generating public/private ecdsa key pair.
[   23.872557] cloud-init[941]: Your identification has been saved in /etc/ssh/ssh_host_ecdsa_key.
[   23.873231] cloud-init[941]: Your public key has been saved in /etc/ssh/ssh_host_ecdsa_key.pub.
[   23.873589] cloud-init[941]: The key fingerprint is:
         Starting Pollinate to seed the pseudo random number generator...
[   23.874226] cloud-init[941]: SHA256:N+hxTRm0Yw6ZbnoUDuCLVayNuy796cuOwMXP7YJtAz0 root@ubuntu-xenial
[[0;32m  OK  [0m[   24.024525] ] cloud-initStarted FUSE filesystem for LXC.[941]: 
The key's randomart image is:
[   24.025435] cloud-init[941]: +---[ECDSA 256]---+
[   24.076641] cloud-init[941]: |      ...  .o    |
[   24.099202] cloud-init[941]: |     . o.  o +   |
         Starting Apply the settings specified in cloud-config...
[   24.099765] cloud-init[941]: |      o+. = *    |
[   24.149466] cloud-init[941]: |     +o..= B .   |
         Starting System Logging Service...
[   24.150771] cloud-init[941]: |    . +oS O o    |
[[0;32m  OK  [0m] Started ACPI event daemon.
[[0;32m  OK  [0m] Started Deferred execution scheduler.
[   24.227055] cloud-init[941]: |   . .o+EO .     |
[   24.268909] cloud-init[941]: |    o. ==.o      |
[[0;32m  OK  [0m] Started Regular background program processing daemon.
[   24.285660] cloud-init[941]: |    ..+o=+       |
[   24.314979] cloud-init[941]: |     oo=B+.      |
         Starting LSB: Record successful boot for GRUB...
[   24.342862] cloud-init[941]: +----[SHA256]-----+
[   24.382308] cloud-init[941]: Generating public/private ed25519 key pair.
[[0;32m  OK  [0m] Started Snappy daemon.
[   24.403053] cloud-init[941]: Your identification has been saved in /etc/ssh/ssh_host_ed25519_key.
         Starting Auto import assertions from block devices...
[[0;32m  OK  [0m] Started System Logging Service.
[[0;32m  OK  [0m] Started /etc/rc.local Compatibility.
[[0;32m  OK  [0m] Started LXD - container startup/shutdown.
[[0;32m  OK  [0m] Started Auto import assertions from block devices.
[   24.437771] cloud-init[941]: Your public key has been saved in /etc/ssh/ssh_host_ed25519_key.pub.
[   24.551419] cloud-init[941]: The key fingerprint is:
[   24.570773] cloud-init[941]: SHA256:LbUQhiCwtcOyKAvtfAUnFFit5ytoTt6H1xt06udWnwQ root@ubuntu-xenial
[   24.592755] cloud-init[941]: The key's randomart image is:
[[0;32m  OK  [0m] Started LSB: MD monitoring daemon.
[   24.605447] cloud-init[941]: +--[ED25519 256]--+
[[0;32m  OK  [0m] Started Login to default iSCSI targets.
[   24.620385] cloud-init[941]: |..oo=+ .o        |
[   24.632187] cloud-init[941]: | +.+  o. .       |
[   24.647370] cloud-init[941]: |o + o.. . .      |
[   24.651166] cloud-init[941]: |.+ ..+.  + .E    |
[   24.655406] cloud-init[941]: |= .  o. S +  .   |
[   24.658457] cloud-init[941]: |o+   ... +  . .  |
[   24.661282] cloud-init[941]: |. +... oo  . o . |
[   24.676641] cloud-init[941]: [| oooo +...o   o  |[0;32m  OK  [0m
] Started LSB: Record successful boot for GRUB.
         Starting Authenticate and Authorize Users to Run Privileged Tasks...
[[0;32m  OK  [0m] Reached target Remote File Systems (Pre).
[[0;32m  OK  [0m] Reached target Remote File Systems.
[   24.702459] cloud-init[941]: | oo .+  o=.      |
[   24.757600] cloud-init[941]: +----[SHA256]-----+
         Starting LSB: Set the CPU Frequency Scaling governor to "ondemand"...
         Starting LSB: daemon to balance interrupts for SMP systems...
         Starting LSB: VirtualBox Linux Additions...
         Starting LSB: automatic crash report generation...
         Starting Permit User Sessions...
[[0;32m  OK  [0m] Started Permit User Sessions.
[[0;32m  OK  [0m] Started Login Service.
[[0;32m  OK  [0m] Started Authenticate and Authorize Users to Run Privileged Tasks.
[[0;32m  OK  [0m] Started Accounts Service.
[[0;32m  OK  [0m] Started LSB: Set the CPU Frequency Scaling governor to "ondemand".
         Starting Hold until boot process finishes up...
         Starting Terminate Plymouth Boot Screen...
[[0;32m  OK  [0m] Started LSB: daemon to balance interrupts for SMP systems.
[[0;32m  OK  [0m] Started LSB: VirtualBox Linux Additions.
[[0;32m  OK  [0m] Started LSB: automatic crash report generation.
[[0;32m  OK  [0m] Started Hold until boot process finishes up.
[[0;32m  OK  [0m] Started Terminate Plymouth Boot Screen.
[   25.215904] cloud-init[1105]: Generating locales (this might take a while)...
[[0;32m  OK  [0m] Started Getty on tty1.
         Starting Set console scheme...
[[0;32m  OK  [0m] Started Serial Getty on ttyS0.
[[0;32m  OK  [0m] Reached target Login Prompts.
[[0;32m  OK  [0m] Started Set console scheme.
[[0;32m  OK  [0m] Started Pollinate to seed the pseudo random number generator.
         Starting OpenBSD Secure Shell server...
[[0;32m  OK  [0m] Started OpenBSD Secure Shell server.
[[0;32m  OK  [0m] Reached target Multi-User System.
[[0;32m  OK  [0m] Reached target Graphical Interface.
         Starting Update UTMP about System Runlevel Changes...
[[0;32m  OK  [0m] Started Update UTMP about System Runlevel Changes.
[   26.364495] cloud-init[1105]:   en_US.UTF-8... done
[   26.424674] cloud-init[1105]: Generation complete.
         Stopping OpenBSD Secure Shell server...
[[0;32m  OK  [0m] Stopped OpenBSD Secure Shell server.
         Starting OpenBSD Secure Shell server...
[[0;32m  OK  [0m] Started OpenBSD Secure Shell server.
[[0;32m  OK  [0m] Created slice User Slice of ubuntu.
         Starting User Manager for UID 1000...
[[0;32m  OK  [0m] Started User Manager for UID 1000.
[[0;32m  OK  [0m] Started Session 1 of user ubuntu.
[   26.903164] cloud-init[1105]: Cloud-init v. 0.7.9 running 'modules:config' at Fri, 07 Apr 2017 13:16:30 +0000. Up 24.88 seconds.
[[0;32m  OK  [0m] Started Apply the settings specified in cloud-config.
         Starting Execute cloud user/final scripts...
ci-info: no authorized ssh keys fingerprints found for user ubuntu.
<14>Apr  7 13:16:33 ec2: 
<14>Apr  7 13:16:33 ec2: #############################################################
<14>Apr  7 13:16:33 ec2: -----BEGIN SSH HOST KEY FINGERPRINTS-----
<14>Apr  7 13:16:33 ec2: 1024 SHA256:qBsjSrteQWAu5uj30FyQczJW7wTKGsGO8u4+Z8Bfp0U root@ubuntu-xenial (DSA)
<14>Apr  7 13:16:33 ec2: 256 SHA256:N+hxTRm0Yw6ZbnoUDuCLVayNuy796cuOwMXP7YJtAz0 root@ubuntu-xenial (ECDSA)
<14>Apr  7 13:16:33 ec2: 256 SHA256:LbUQhiCwtcOyKAvtfAUnFFit5ytoTt6H1xt06udWnwQ root@ubuntu-xenial (ED25519)
<14>Apr  7 13:16:33 ec2: 2048 SHA256:Jz/Lvugco73JKQIlID6Eyk1a9cQwrBiMQtp3hHDFFTY root@ubuntu-xenial (RSA)
<14>Apr  7 13:16:33 ec2: -----END SSH HOST KEY FINGERPRINTS-----
<14>Apr  7 13:16:33 ec2: #############################################################
-----BEGIN SSH HOST KEY KEYS-----
ecdsa-sha2-nistp256 AAAAE2VjZHNhLXNoYTItbmlzdHAyNTYAAAAIbmlzdHAyNTYAAABBBE9qQDbuLopcVQq9sWocsvHUnNKgWSTOKCArAsRuFMdAjIwiGtuFyugYp8i/SXF8R7SEq46WKVbJLf4DplPeSoc= root@ubuntu-xenial
ssh-ed25519 AAAAC3NzaC1lZDI1NTE5AAAAIIIb5yE1GVRbmgsdoxSJ/XH5742Xm1mZB36CEznRXRWx root@ubuntu-xenial
ssh-rsa AAAAB3NzaC1yc2EAAAADAQABAAABAQDzDYisXauvHpMdmILvYCWnJWvoeafaIaiTgwuSKVFGa4gmk/MTzijIwrhc/tNZ0Yrd+PpPINQXUeACYCg4dx6wTwyypCsWP4Yb73sfZ6p7mPULPKpOIUxl8hif1bwwSBOKnviOmIVGIXh7CRAN7GAEBQBTV0Sw4Yb0JSp7XV8APQpw/W7v4/cPOjuwllxDctg5hYS+r8BHBMKVBz/6pb12Sp+PLACdSycq3ovJy2/ZAZYKwiaxfMTiaYgSKuaitnMe4DSZIhpy/hWEK+EbiNz38AkAmFi5JM9ULgJtr/AtnJ7vA8Mx1TNAhsOmcIDFHRPLRes8yozZkORfw5E2mzmt root@ubuntu-xenial
-----END SSH HOST KEY KEYS-----
[   28.137690] cloud-init[1368]: Cloud-init v. 0.7.9 running 'modules:final' at Fri, 07 Apr 2017 13:16:33 +0000. Up 27.51 seconds.
[   28.144484] cloud-init[1368]: ci-info: no authorized ssh keys fingerprints found for user ubuntu.
[   28.172614] cloud-init[1368]: Cloud-init v. 0.7.9 finished at Fri, 07 Apr 2017 13:16:33 +0000. Datasource DataSourceNoCloud [seed=/dev/sdb][dsmode=net].  Up 28.12 seconds
[[0;32m  OK  [0m] Started Execute cloud user/final scripts.
[[0;32m  OK  [0m] Reached target Cloud-init target.

Ubuntu 16.04.2 LTS ubuntu-xenial ttyS0

ubuntu-xenial login: 